<?xml version="1.0" encoding="UTF-8"?>
<!-- Generated by org.testng.reporters.JUnitReportReporter -->
<testsuite hostname="DESKTOP-AE5I6DK" failures="0" tests="1" name="com.training.sanity.tests.deleteReturnedProduct" time="29.585" errors="0" timestamp="2020-07-07T09:23:56 IST" skipped="0">
  <testcase classname="com.training.sanity.tests.deleteReturnedProduct" name="validLoginTest" time="29.585"/>
  <system-out/>
</testsuite> <!-- com.training.sanity.tests.deleteReturnedProduct -->
