<?xml version="1.0" encoding="UTF-8"?>
<!-- Generated by org.testng.reporters.JUnitReportReporter -->
<testsuite hostname="DESKTOP-AE5I6DK" failures="0" tests="1" name="com.training.sanity.tests.filterCustomerList" time="27.315" errors="0" timestamp="2020-07-07T11:55:42 IST" skipped="0">
  <testcase classname="com.training.sanity.tests.filterCustomerList" name="LoginTest" time="27.315"/>
  <system-out/>
</testsuite> <!-- com.training.sanity.tests.filterCustomerList -->
