<?xml version="1.0" encoding="UTF-8"?>
<!-- Generated by org.testng.reporters.JUnitReportReporter -->
<testsuite hostname="DESKTOP-AE5I6DK" failures="0" tests="1" name="com.training.sanity.tests.adminReturnDelete" time="22.378" errors="0" timestamp="2020-07-05T22:05:08 IST" skipped="0">
  <testcase classname="com.training.sanity.tests.adminReturnDelete" name="validLoginTest" time="22.378"/>
  <system-out/>
</testsuite> <!-- com.training.sanity.tests.adminReturnDelete -->
