<?xml version="1.0" encoding="UTF-8"?>
<!-- Generated by org.testng.reporters.JUnitReportReporter -->
<testsuite hostname="DESKTOP-AE5I6DK" failures="0" tests="1" name="com.training.sanity.tests.adminCreateRegisterGroup" time="49.065" errors="0" timestamp="2020-07-06T18:17:28 IST" skipped="0">
  <testcase classname="com.training.sanity.tests.adminCreateRegisterGroup" name="LoginTest" time="49.065"/>
  <system-out/>
</testsuite> <!-- com.training.sanity.tests.adminCreateRegisterGroup -->
