<?xml version="1.0" encoding="UTF-8"?>
<!-- Generated by org.testng.reporters.JUnitReportReporter -->
<testsuite hostname="DESKTOP-AE5I6DK" failures="0" tests="1" name="com.training.sanity.tests.filterCustomerList" time="21.550" errors="0" timestamp="2020-06-30T19:36:08 IST" skipped="0">
  <testcase classname="com.training.sanity.tests.filterCustomerList" name="validLoginTest" time="21.550"/>
  <system-out/>
</testsuite> <!-- com.training.sanity.tests.filterCustomerList -->
