<?xml version="1.0" encoding="UTF-8"?>
<!-- Generated by org.testng.reporters.JUnitReportReporter -->
<testsuite hostname="DESKTOP-AE5I6DK" failures="0" tests="1" name="com.training.sanity.tests.LoginTests" time="14.860" errors="0" timestamp="2020-07-04T17:27:25 IST" skipped="0">
  <testcase classname="com.training.sanity.tests.LoginTests" name="validLoginTest" time="14.860"/>
  <system-out/>
</testsuite> <!-- com.training.sanity.tests.LoginTests -->
