<?xml version="1.0" encoding="UTF-8"?>
<!-- Generated by org.testng.reporters.JUnitReportReporter -->
<testsuite hostname="DESKTOP-AE5I6DK" failures="0" tests="1" name="com.training.sanity.tests.deleteCustomerList" time="30.819" errors="0" timestamp="2020-06-30T22:14:05 IST" skipped="0">
  <testcase classname="com.training.sanity.tests.deleteCustomerList" name="validLoginTest" time="30.819"/>
  <system-out/>
</testsuite> <!-- com.training.sanity.tests.deleteCustomerList -->
